<?xml version="1.0" encoding="UTF-8"?>
<robot generator="Robot 6.0.2 (Python 3.11.0 on win32)" generated="20230417 21:51:22.016" rpa="false" schemaversion="3">
<suite id="s1" name="Tests" source="C:\Users\Anastasiya_Viktarovi\Documents\GitHub\test\RobotFramework_HW\RF_Tests\tests\tests.robot">
<kw name="Connect To Database" type="SETUP">
<arg>pymssql</arg>
<arg>${DBName}</arg>
<arg>${DBUser}</arg>
<arg>${DBPass}</arg>
<arg>${DBHost}</arg>
<arg>${DBPort}</arg>
<msg timestamp="20230417 21:51:22.039" level="FAIL">No keyword with name 'Connect To Database' found.</msg>
<status status="FAIL" starttime="20230417 21:51:22.039" endtime="20230417 21:51:22.039"/>
</kw>
<test id="s1-t1" name="Verify the count of records in [Person].[Address] table" line="10">
<doc>| *Setup*:
| 0.Connect To Database AdventureWorks2012 via pymsql
|
| *Test Steps*
| 0.Query row count for Table Person.Address
|
| *Expected result:*
| 0.Result is not empty
| 1.The value with the total number of records in the [Person].[Address] table is the same as expected</doc>
<tag>Table Person.Address</tag>
<status status="FAIL" starttime="20230417 21:51:22.039" endtime="20230417 21:51:22.040">Parent suite setup failed:
No keyword with name 'Connect To Database' found.</status>
</test>
<test id="s1-t2" name="Verify the number of unique cities in [Person].[Address] table" line="26">
<doc>| *Setup*:
| 0.Connect To Database AdventureWorks2012 via pymsql
|
| *Test Steps*
| 0.Query to calculate number of unique cities in [Person].[Address] table
|
| *Expected result:*
| 0.Result is not empty
| 1.The total number unique cities in the [Person].[Address] table is the same as expected</doc>
<tag>Table Person.Address</tag>
<status status="FAIL" starttime="20230417 21:51:22.042" endtime="20230417 21:51:22.042">Parent suite setup failed:
No keyword with name 'Connect To Database' found.</status>
</test>
<test id="s1-t3" name="Verify the average length of the documents in [Production].[Document] table" line="42">
<doc>| *Setup*:
| 0.Connect To Database AdventureWorks2012 via pymsql
|
| *Test Steps*
| 0.Query to calculate average length of the documents in [Production].[Document] table
|
| *Expected result:*
| 0.Result is not empty
| 1. Average value of length of [Document] in [Production].[Document] table is the same as expected</doc>
<tag>Table Production.Document</tag>
<status status="FAIL" starttime="20230417 21:51:22.043" endtime="20230417 21:51:22.044">Parent suite setup failed:
No keyword with name 'Connect To Database' found.</status>
</test>
<test id="s1-t4" name="Verify the possible values of [Status] attribute in [Production].[Document] table" line="58">
<doc>| *Setup*:
| 0.Connect To Database AdventureWorks2012 via pymsql
|
| *Test Steps*
| 0.Query to calculate count of rows with incorrect [Status].
|
| *Expected result:*
| 0.Result is not empty
| 1. Count of rows with incorrect [Status] is the same as expected: 0</doc>
<tag>Table Production.Document</tag>
<status status="FAIL" starttime="20230417 21:51:22.045" endtime="20230417 21:51:22.045">Parent suite setup failed:
No keyword with name 'Connect To Database' found.</status>
</test>
<test id="s1-t5" name="Verify the maximum value of the [ModifiedDate] column in [Production].[UnitMeasure] table" line="74">
<doc>| *Setup*:
| 0.Connect To Database AdventureWorks2012 via pymsql
|
| *Test Steps*
| 0.Query to calculate the maximum value of the [ModifiedDate] column in [Production].[UnitMeasure] table.
|
| *Expected result:*
| 0.Result is not empty
| 1. The maximum value of the [ModifiedDate] column in [Production].[UnitMeasure] table is the same as expected.</doc>
<tag>Table Production.UnitMeasure</tag>
<status status="FAIL" starttime="20230417 21:51:22.046" endtime="20230417 21:51:22.046">Parent suite setup failed:
No keyword with name 'Connect To Database' found.</status>
</test>
<test id="s1-t6" name="Verify the numbers of rows in [Production].[UnitMeasure] table with [UnitMeasureCode] with only one symbol" line="90">
<doc>| *Setup*:
| 0.Connect To Database AdventureWorks2012 via pymsql
|
| *Test Steps*
| 0.Query to calculate numbers of rows in [Production].[UnitMeasure] table with [UnitMeasureCode] with only one symbol.
|
| *Expected result:*
| 0.Result is not empty
| 1.Numbers of rows in [Production].[UnitMeasure] table with [UnitMeasureCode] with only one symbol is the same as expected.</doc>
<tag>Table Production.UnitMeasure</tag>
<status status="FAIL" starttime="20230417 21:51:22.047" endtime="20230417 21:51:22.047">Parent suite setup failed:
No keyword with name 'Connect To Database' found.</status>
</test>
<kw name="Disconnect From Database" type="TEARDOWN">
<msg timestamp="20230417 21:51:22.049" level="FAIL">No keyword with name 'Disconnect From Database' found.</msg>
<status status="FAIL" starttime="20230417 21:51:22.049" endtime="20230417 21:51:22.049">No keyword with name 'Disconnect From Database' found.</status>
</kw>
<doc>Contains Test Cases from file TestCasesRF.xlsx</doc>
<status status="FAIL" starttime="20230417 21:51:22.018" endtime="20230417 21:51:22.049">Suite setup failed:
No keyword with name 'Connect To Database' found.

Also suite teardown failed:
No keyword with name 'Disconnect From Database' found.</status>
</suite>
<statistics>
<total>
<stat pass="0" fail="6" skip="0">All Tests</stat>
</total>
<tag>
<stat pass="0" fail="2" skip="0">Table Person.Address</stat>
<stat pass="0" fail="2" skip="0">Table Production.Document</stat>
<stat pass="0" fail="2" skip="0">Table Production.UnitMeasure</stat>
</tag>
<suite>
<stat pass="0" fail="6" skip="0" id="s1" name="Tests">Tests</stat>
</suite>
</statistics>
<errors>
<msg timestamp="20230417 21:51:22.034" level="ERROR">Error in file 'C:\Users\Anastasiya_Viktarovi\Documents\GitHub\test\RobotFramework_HW\RF_Tests\resources\variables.robot' on line 4: Importing library 'DatabaseLibrary' failed: ModuleNotFoundError: No module named 'DatabaseLibrary'
Traceback (most recent call last):
  None
PYTHONPATH:
  C:\Users\Anastasiya_Viktarovi\AppData\Local\Programs\Python\Python311\Scripts\robot.exe
  C:\Users\Anastasiya_Viktarovi\AppData\Local\Programs\Python\Python311\python311.zip
  C:\Users\Anastasiya_Viktarovi\AppData\Local\Programs\Python\Python311\Lib
  C:\Users\Anastasiya_Viktarovi\AppData\Local\Programs\Python\Python311\DLLs
  C:\Users\Anastasiya_Viktarovi\AppData\Local\Programs\Python\Python311
  C:\Users\Anastasiya_Viktarovi\AppData\Local\Programs\Python\Python311\Lib\site-packages
  C:\Users\Anastasiya_Viktarovi\AppData\Local\Programs\Python\Python311\Lib\site-packages\win32
  C:\Users\Anastasiya_Viktarovi\AppData\Local\Programs\Python\Python311\Lib\site-packages\win32\lib
  C:\Users\Anastasiya_Viktarovi\AppData\Local\Programs\Python\Python311\Lib\site-packages\Pythonwin</msg>
</errors>
</robot>
